2018-Apr-28 05:42:18 AM  [ INFO ] - Attempting to Login
2018-Apr-28 05:42:18 AM  [ INFO ] - Driver Registered
2018-Apr-28 05:42:18 AM  [ INFO ] - Database Connected
2018-Apr-28 05:42:18 AM  [ INFO ] - Login Successful
2018-Apr-28 05:42:18 AM  [ INFO ] - Main Form Successfully Launched
2018-Apr-28 05:49:22 AM  [ INFO ] - Attempting to Login
2018-Apr-28 05:49:22 AM  [ INFO ] - Driver Registered
2018-Apr-28 05:49:23 AM  [ INFO ] - Database Connected
2018-Apr-28 05:49:23 AM  [ INFO ] - Login Successful
2018-Apr-28 05:49:23 AM  [ INFO ] - Main Form Successfully Launched
2018-Apr-28 06:19:25 AM  [ INFO ] - Attempting to Login
2018-Apr-28 06:19:25 AM  [ INFO ] - Driver Registered
2018-Apr-28 06:19:25 AM  [ INFO ] - Database Connected
2018-Apr-28 06:19:25 AM  [ INFO ] - Login Successful
2018-Apr-28 06:19:25 AM  [ INFO ] - Main Form Successfully Launched
2018-Apr-28 07:14:27 AM  [ INFO ] - Attempting to Login
2018-Apr-28 07:14:27 AM  [ INFO ] - Driver Registered
2018-Apr-28 07:14:27 AM  [ INFO ] - Database Connected
2018-Apr-28 07:14:27 AM  [ INFO ] - Login Successful
2018-Apr-28 07:14:27 AM  [ INFO ] - Main Form Successfully Launched
2018-Apr-28 07:29:43 AM  [ INFO ] - Attempting to Login
2018-Apr-28 07:29:43 AM  [ INFO ] - Driver Registered
2018-Apr-28 07:29:43 AM  [ INFO ] - Database Connected
2018-Apr-28 07:29:43 AM  [ INFO ] - Login Successful
2018-Apr-28 07:29:43 AM  [ INFO ] - Main Form Successfully Launched
2018-Apr-28 07:45:44 AM  [ INFO ] - Attempting to Login
2018-Apr-28 07:45:44 AM  [ INFO ] - Driver Registered
2018-Apr-28 07:45:44 AM  [ INFO ] - Database Connected
2018-Apr-28 07:45:44 AM  [ INFO ] - Login Successful
2018-Apr-28 07:45:44 AM  [ INFO ] - CheckBox Selected
2018-Apr-28 07:45:44 AM  [ INFO ] - Main Form Successfully Launched
2018-Apr-28 09:16:09 AM  [ INFO ] - Attempting to Login
2018-Apr-28 09:16:09 AM  [ INFO ] - Driver Registered
2018-Apr-28 09:16:09 AM  [ INFO ] - Database Connected
2018-Apr-28 09:16:09 AM  [ INFO ] - Login Successful
2018-Apr-28 09:16:09 AM  [ INFO ] - Main Form Successfully Launched
2018-Apr-28 09:24:32 AM  [ INFO ] - Attempting to Login
2018-Apr-28 09:24:32 AM  [ INFO ] - Driver Registered
2018-Apr-28 09:24:32 AM  [ INFO ] - Database Connected
2018-Apr-28 09:24:32 AM  [ INFO ] - Login Successful
2018-Apr-28 09:24:32 AM  [ INFO ] - User wishes to stay logged in
2018-Apr-28 09:24:32 AM  [ INFO ] - Query Statement Issue
2018-Apr-28 09:24:32 AM  [ ERROR] - java.sql.SQLException: Can not issue data manipulation statements with executeQuery().
2018-Apr-28 09:24:32 AM  [ INFO ] - Main Form Successfully Launched
2018-Apr-28 09:47:58 AM  [ INFO ] - Attempting to Login
2018-Apr-28 09:47:58 AM  [ INFO ] - Driver Registered
2018-Apr-28 09:47:58 AM  [ INFO ] - Database Connected
2018-Apr-28 09:47:58 AM  [ INFO ] - Login Successful
2018-Apr-28 09:47:58 AM  [ INFO ] - User wishes to stay logged in
2018-Apr-28 09:47:58 AM  [ INFO ] - Query Statement Issue
2018-Apr-28 09:47:58 AM  [ ERROR] - java.sql.SQLSyntaxErrorException: Table 'wbdb.currentuser' doesn't exist
2018-Apr-28 09:47:58 AM  [ INFO ] - Main Form Successfully Launched
2018-Apr-28 09:52:32 AM  [ INFO ] - Attempting to Login
2018-Apr-28 09:52:32 AM  [ INFO ] - Driver Registered
2018-Apr-28 09:52:32 AM  [ INFO ] - Database Connected
2018-Apr-28 09:52:32 AM  [ INFO ] - Login Successful
2018-Apr-28 09:52:32 AM  [ INFO ] - User wishes to stay logged in
2018-Apr-28 09:52:33 AM  [ INFO ] - Main Form Successfully Launched
2018-Apr-28 09:53:52 AM  [ INFO ] - Attempting to Login
2018-Apr-28 09:53:52 AM  [ INFO ] - Driver Registered
2018-Apr-28 09:53:52 AM  [ INFO ] - Database Connected
2018-Apr-28 09:53:52 AM  [ INFO ] - Login Successful
2018-Apr-28 09:53:52 AM  [ INFO ] - Stay Logged In = True
2018-Apr-28 09:53:52 AM  [ INFO ] - Query Statement Issue
2018-Apr-28 09:53:52 AM  [ ERROR] - java.sql.SQLIntegrityConstraintViolationException: Duplicate entry '1' for key 'PRIMARY'
2018-Apr-28 09:53:52 AM  [ INFO ] - Current User Saved
2018-Apr-28 09:53:53 AM  [ INFO ] - Main Form Successfully Launched
2018-Apr-28 10:44:24 AM  [ INFO ] - Driver Registered
2018-Apr-28 10:44:24 AM  [ INFO ] - Database Connected
2018-Apr-28 10:45:04 AM  [ INFO ] - Driver Registered
2018-Apr-28 10:45:04 AM  [ INFO ] - Database Connected
2018-Apr-28 10:45:04 AM  [ INFO ] - Skip Login
2018-Apr-28 10:45:04 AM  [ INFO ] - Main Form Successfully Launched
2018-Apr-28 10:46:12 AM  [ INFO ] - Driver Registered
2018-Apr-28 10:46:12 AM  [ INFO ] - Database Connected
2018-Apr-28 10:46:12 AM  [ INFO ] - Skip Login
2018-Apr-28 10:46:13 AM  [ INFO ] - Main Form Successfully Launched
2018-Apr-28 10:48:36 AM  [ INFO ] - Driver Registered
2018-Apr-28 10:48:36 AM  [ INFO ] - Database Connected
2018-Apr-28 10:48:36 AM  [ INFO ] - Skip Login
2018-Apr-28 10:48:36 AM  [ INFO ] - Main Form Successfully Launched
2018-Apr-28 14:27:35 PM  [ INFO ] - Driver Registered
2018-Apr-28 14:27:35 PM  [ INFO ] - Database Connected
2018-Apr-28 14:27:35 PM  [ INFO ] - Skip Login
2018-Apr-28 14:27:35 PM  [ INFO ] - Main Form Successfully Launched
2018-Apr-28 15:09:06 PM  [ INFO ] - Driver Registered
2018-Apr-28 15:09:06 PM  [ INFO ] - Database Connected
2018-Apr-28 15:09:06 PM  [ INFO ] - Skip Login
2018-Apr-28 15:30:52 PM  [ INFO ] - Attempting to Login
2018-Apr-28 15:30:52 PM  [ INFO ] - Driver Registered
2018-Apr-28 15:30:52 PM  [ INFO ] - Database Connected
2018-Apr-28 15:30:57 PM  [ INFO ] - Attempting to Login
2018-Apr-28 15:30:57 PM  [ INFO ] - Driver Registered
2018-Apr-28 15:30:57 PM  [ INFO ] - Database Connected
2018-Apr-28 15:30:57 PM  [ INFO ] - Login Successful
2018-Apr-28 15:30:57 PM  [ ERROR] - javafx.fxml.LoadException: 
file:/C:/Users/Michael%20Cowan/Documents/NetBeansProjects/ElegantInvites/dist/run25303224/ElegantInvites.jar!/fxml/MainForm.fxml:6

2018-Apr-28 15:33:03 PM  [ INFO ] - Attempting to Login
2018-Apr-28 15:33:03 PM  [ INFO ] - Driver Registered
2018-Apr-28 15:33:03 PM  [ INFO ] - Database Connected
2018-Apr-28 15:33:03 PM  [ INFO ] - Login Successful
2018-Apr-28 15:33:03 PM  [ ERROR] - javafx.fxml.LoadException: 
file:/C:/Users/Michael%20Cowan/Documents/NetBeansProjects/ElegantInvites/dist/run1341400829/ElegantInvites.jar!/fxml/MainForm.fxml:6

2018-Apr-28 15:35:52 PM  [ INFO ] - Attempting to Login
2018-Apr-28 15:35:52 PM  [ INFO ] - Driver Registered
2018-Apr-28 15:35:52 PM  [ INFO ] - Database Connected
2018-Apr-28 15:35:52 PM  [ INFO ] - Login Successful
2018-Apr-28 15:35:52 PM  [ ERROR] - javafx.fxml.LoadException: 
file:/C:/Users/Michael%20Cowan/Documents/NetBeansProjects/ElegantInvites/dist/run1777711419/ElegantInvites.jar!/fxml/MainForm.fxml:6

2018-Apr-28 15:36:22 PM  [ INFO ] - Attempting to Login
2018-Apr-28 15:36:22 PM  [ INFO ] - Driver Registered
2018-Apr-28 15:36:22 PM  [ INFO ] - Database Connected
2018-Apr-28 15:36:22 PM  [ INFO ] - Login Successful
2018-Apr-28 15:36:22 PM  [ INFO ] - Main Form Successfully Launched
2018-Apr-28 15:37:06 PM  [ INFO ] - Attempting to Login
2018-Apr-28 15:37:06 PM  [ INFO ] - Driver Registered
2018-Apr-28 15:37:07 PM  [ INFO ] - Database Connected
2018-Apr-28 15:37:07 PM  [ INFO ] - Login Successful
2018-Apr-28 15:37:07 PM  [ INFO ] - Main Form Successfully Launched
2018-Apr-28 15:38:51 PM  [ INFO ] - Driver Registered
2018-Apr-28 15:38:51 PM  [ INFO ] - Database Connected
2018-Apr-28 15:39:46 PM  [ INFO ] - Driver Registered
2018-Apr-28 15:39:46 PM  [ INFO ] - Database Connected
2018-Apr-28 15:39:52 PM  [ INFO ] - Attempting to Login
2018-Apr-28 15:39:52 PM  [ INFO ] - Driver Registered
2018-Apr-28 15:39:52 PM  [ INFO ] - Database Connected
2018-Apr-28 15:39:52 PM  [ INFO ] - Login Successful
2018-Apr-28 15:39:52 PM  [ INFO ] - Main Form Successfully Launched
2018-Apr-28 15:39:58 PM  [ INFO ] - Driver Registered
2018-Apr-28 15:39:58 PM  [ INFO ] - Database Connected
2018-Apr-28 15:40:03 PM  [ INFO ] - Attempting to Login
2018-Apr-28 15:40:03 PM  [ INFO ] - Driver Registered
2018-Apr-28 15:40:03 PM  [ INFO ] - Database Connected
2018-Apr-28 15:40:03 PM  [ INFO ] - Login Successful
2018-Apr-28 15:40:03 PM  [ INFO ] - Stay Logged In = True
2018-Apr-28 15:40:03 PM  [ INFO ] - Current User Saved
2018-Apr-28 15:40:03 PM  [ INFO ] - Main Form Successfully Launched
2018-Apr-28 15:40:10 PM  [ INFO ] - Driver Registered
2018-Apr-28 15:40:10 PM  [ INFO ] - Database Connected
2018-Apr-28 15:40:10 PM  [ INFO ] - Skip Log In
2018-Apr-28 15:47:55 PM  [ INFO ] - Driver Registered
2018-Apr-28 15:47:56 PM  [ INFO ] - Database Connected
2018-Apr-28 15:47:56 PM  [ INFO ] - Skip Log In
2018-Apr-28 15:47:56 PM  [ INFO ] - Main Form Successfully Launched
2018-Apr-28 15:51:01 PM  [ INFO ] - Driver Registered
2018-Apr-28 15:51:01 PM  [ INFO ] - Database Connected
2018-Apr-28 15:51:01 PM  [ INFO ] - Skip Log In
2018-Apr-28 15:51:01 PM  [ INFO ] - Main Form Successfully Launched
2018-Apr-28 15:51:37 PM  [ INFO ] - Driver Registered
2018-Apr-28 15:51:37 PM  [ INFO ] - Database Connected
2018-Apr-28 15:51:37 PM  [ INFO ] - Skip Log In
2018-Apr-28 15:51:38 PM  [ INFO ] - Main Form Successfully Launched
2018-Apr-28 16:03:34 PM  [ INFO ] - Driver Registered
2018-Apr-28 16:03:34 PM  [ INFO ] - Database Connected
2018-Apr-28 16:03:34 PM  [ INFO ] - Skip Log In
2018-Apr-28 16:03:34 PM  [ INFO ] - Main Form Successfully Launched
2018-Apr-28 16:04:34 PM  [ INFO ] - Driver Registered
2018-Apr-28 16:04:34 PM  [ INFO ] - Database Connected
2018-Apr-28 16:04:34 PM  [ INFO ] - Skip Log In
2018-Apr-28 16:04:34 PM  [ INFO ] - Main Form Successfully Launched
2018-Apr-28 16:06:41 PM  [ INFO ] - Driver Registered
2018-Apr-28 16:06:41 PM  [ INFO ] - Database Connected
2018-Apr-28 16:06:41 PM  [ INFO ] - Skip Log In
2018-Apr-28 16:06:42 PM  [ INFO ] - Main Form Successfully Launched
2018-Apr-28 16:06:59 PM  [ INFO ] - Driver Registered
2018-Apr-28 16:06:59 PM  [ INFO ] - Database Connected
2018-Apr-28 16:06:59 PM  [ INFO ] - Skip Log In
2018-Apr-28 16:07:00 PM  [ INFO ] - Main Form Successfully Launched
2018-Apr-28 16:08:09 PM  [ INFO ] - Driver Registered
2018-Apr-28 16:08:09 PM  [ INFO ] - Database Connected
2018-Apr-28 16:08:09 PM  [ INFO ] - Skip Log In
2018-Apr-28 16:08:09 PM  [ INFO ] - Main Form Successfully Launched
2018-Apr-28 16:14:35 PM  [ INFO ] - Driver Registered
2018-Apr-28 16:14:36 PM  [ INFO ] - Database Connected
2018-Apr-28 16:14:36 PM  [ INFO ] - Skip Log In
2018-Apr-28 16:14:36 PM  [ INFO ] - Main Form Successfully Launched
2018-Apr-28 16:19:22 PM  [ INFO ] - Driver Registered
2018-Apr-28 16:19:22 PM  [ INFO ] - Database Connected
2018-Apr-28 16:19:22 PM  [ INFO ] - Skip Log In
2018-Apr-28 16:19:43 PM  [ INFO ] - Driver Registered
2018-Apr-28 16:19:43 PM  [ INFO ] - Database Connected
2018-Apr-28 16:19:43 PM  [ INFO ] - Skip Log In
2018-Apr-28 16:22:08 PM  [ INFO ] - Driver Registered
2018-Apr-28 16:22:08 PM  [ INFO ] - Database Connected
2018-Apr-28 16:22:08 PM  [ INFO ] - Skip Log In
2018-Apr-28 16:24:02 PM  [ INFO ] - Driver Registered
2018-Apr-28 16:24:02 PM  [ INFO ] - Database Connected
2018-Apr-28 16:24:02 PM  [ INFO ] - Skip Log In
2018-Apr-28 16:30:18 PM  [ INFO ] - Driver Registered
2018-Apr-28 16:30:18 PM  [ INFO ] - Database Connected
2018-Apr-28 16:30:18 PM  [ INFO ] - Skip Log In
2018-Apr-28 16:31:43 PM  [ INFO ] - Driver Registered
2018-Apr-28 16:31:44 PM  [ INFO ] - Database Connected
2018-Apr-28 16:31:44 PM  [ INFO ] - Skip Log In
2018-Apr-28 16:31:44 PM  [ INFO ] - Main Form Successfully Launched
2018-Apr-28 16:37:27 PM  [ INFO ] - Driver Registered
2018-Apr-28 16:37:27 PM  [ INFO ] - Database Connected
2018-Apr-28 16:37:27 PM  [ INFO ] - Skip Log In
2018-Apr-28 16:37:27 PM  [ INFO ] - Main Form Successfully Launched
2018-Apr-28 16:42:48 PM  [ INFO ] - Driver Registered
2018-Apr-28 16:42:48 PM  [ INFO ] - Database Connected
2018-Apr-28 16:42:48 PM  [ INFO ] - Skip Log In
2018-Apr-28 16:42:48 PM  [ INFO ] - Main Form Successfully Launched
2018-Apr-28 16:49:21 PM  [ INFO ] - Driver Registered
2018-Apr-28 16:49:21 PM  [ INFO ] - Database Connected
2018-Apr-28 16:49:21 PM  [ INFO ] - Skip Log In
2018-Apr-28 16:49:22 PM  [ INFO ] - Main Form Successfully Launched
2018-Apr-28 17:18:33 PM  [ INFO ] - Driver Registered
2018-Apr-28 17:18:33 PM  [ INFO ] - Database Connected
2018-Apr-28 17:18:33 PM  [ INFO ] - Skip Log In
2018-Apr-28 17:18:33 PM  [ INFO ] - Main Form Successfully Launched
2018-Apr-28 17:36:41 PM  [ INFO ] - Driver Registered
2018-Apr-28 17:36:41 PM  [ INFO ] - Database Connected
2018-Apr-28 17:36:41 PM  [ INFO ] - Skip Log In
2018-Apr-28 17:36:41 PM  [ INFO ] - Main Form Successfully Launched
2018-Apr-28 17:36:53 PM  [ INFO ] - Driver Registered
2018-Apr-28 17:36:53 PM  [ INFO ] - Database Connected
2018-Apr-28 17:36:53 PM  [ INFO ] - Skip Log In
2018-Apr-28 17:36:53 PM  [ INFO ] - Main Form Successfully Launched
2018-Apr-28 17:39:37 PM  [ INFO ] - Driver Registered
2018-Apr-28 17:39:37 PM  [ INFO ] - Database Connected
2018-Apr-28 17:39:37 PM  [ INFO ] - Skip Log In
2018-Apr-28 17:39:38 PM  [ INFO ] - Main Form Successfully Launched
2018-Apr-28 17:41:01 PM  [ INFO ] - Driver Registered
2018-Apr-28 17:41:01 PM  [ INFO ] - Database Connected
2018-Apr-28 17:41:01 PM  [ INFO ] - Skip Log In
2018-Apr-28 17:41:01 PM  [ INFO ] - Main Form Successfully Launched
2018-Apr-28 18:08:31 PM  [ INFO ] - Driver Registered
2018-Apr-28 18:08:31 PM  [ INFO ] - Database Connected
2018-Apr-28 18:08:31 PM  [ INFO ] - Skip Log In
2018-Apr-28 18:08:32 PM  [ INFO ] - Main Form Successfully Launched
2018-Apr-28 18:09:35 PM  [ INFO ] - Driver Registered
2018-Apr-28 18:09:35 PM  [ INFO ] - Database Connected
2018-Apr-28 18:09:35 PM  [ INFO ] - Skip Log In
2018-Apr-28 18:09:36 PM  [ INFO ] - Main Form Successfully Launched
2018-Apr-28 18:10:24 PM  [ INFO ] - Driver Registered
2018-Apr-28 18:10:24 PM  [ INFO ] - Database Connected
2018-Apr-28 18:10:24 PM  [ INFO ] - Skip Log In
2018-Apr-28 18:10:25 PM  [ INFO ] - Main Form Successfully Launched
2018-Apr-28 18:10:41 PM  [ INFO ] - Driver Registered
2018-Apr-28 18:10:41 PM  [ INFO ] - Database Connected
2018-Apr-28 18:10:41 PM  [ INFO ] - Skip Log In
2018-Apr-28 18:10:42 PM  [ INFO ] - Main Form Successfully Launched
2018-Apr-28 18:30:23 PM  [ INFO ] - Driver Registered
2018-Apr-28 18:30:23 PM  [ INFO ] - Database Connected
2018-Apr-28 18:30:23 PM  [ INFO ] - Skip Log In
2018-Apr-28 18:30:24 PM  [ INFO ] - Main Form Successfully Launched
2018-Apr-28 18:30:37 PM  [ INFO ] - Driver Registered
2018-Apr-28 18:30:37 PM  [ INFO ] - Database Connected
2018-Apr-28 18:30:37 PM  [ INFO ] - Skip Log In
2018-Apr-28 18:30:38 PM  [ INFO ] - Main Form Successfully Launched
2018-Apr-28 18:32:13 PM  [ INFO ] - Driver Registered
2018-Apr-28 18:32:13 PM  [ INFO ] - Database Connected
2018-Apr-28 18:32:13 PM  [ INFO ] - Skip Log In
2018-Apr-28 18:32:13 PM  [ INFO ] - Main Form Successfully Launched
2018-Apr-28 18:33:13 PM  [ INFO ] - Driver Registered
2018-Apr-28 18:33:14 PM  [ INFO ] - Database Connected
2018-Apr-28 18:33:14 PM  [ INFO ] - Skip Log In
2018-Apr-28 18:33:14 PM  [ INFO ] - Main Form Successfully Launched
2018-Apr-28 18:34:30 PM  [ INFO ] - Driver Registered
2018-Apr-28 18:34:30 PM  [ INFO ] - Database Connected
2018-Apr-28 18:34:30 PM  [ INFO ] - Skip Log In
2018-Apr-28 18:34:31 PM  [ INFO ] - Main Form Successfully Launched
2018-Apr-28 18:45:40 PM  [ INFO ] - Driver Registered
2018-Apr-28 18:45:40 PM  [ INFO ] - Database Connected
2018-Apr-28 18:45:40 PM  [ INFO ] - Skip Log In
2018-Apr-28 18:45:41 PM  [ INFO ] - Main Form Successfully Launched
2018-Apr-28 18:47:09 PM  [ INFO ] - Driver Registered
2018-Apr-28 18:47:09 PM  [ INFO ] - Database Connected
2018-Apr-28 18:47:09 PM  [ INFO ] - Skip Log In
2018-Apr-28 18:47:09 PM  [ INFO ] - Main Form Successfully Launched
2018-Apr-28 18:52:37 PM  [ INFO ] - Driver Registered
2018-Apr-28 18:52:37 PM  [ INFO ] - Database Connected
2018-Apr-28 18:52:37 PM  [ INFO ] - Skip Log In
2018-Apr-28 18:52:37 PM  [ INFO ] - Main Form Successfully Launched
2018-Apr-28 19:05:56 PM  [ INFO ] - Driver Registered
2018-Apr-28 19:05:56 PM  [ INFO ] - Database Connected
2018-Apr-28 19:05:56 PM  [ INFO ] - Skip Log In
2018-Apr-28 19:05:56 PM  [ INFO ] - Main Form Successfully Launched
2018-Apr-28 19:06:19 PM  [ INFO ] - Driver Registered
2018-Apr-28 19:06:19 PM  [ INFO ] - Database Connected
2018-Apr-28 19:06:19 PM  [ INFO ] - Skip Log In
2018-Apr-28 19:07:27 PM  [ INFO ] - Driver Registered
2018-Apr-28 19:07:27 PM  [ INFO ] - Database Connected
2018-Apr-28 19:07:27 PM  [ INFO ] - Skip Log In
2018-Apr-28 19:07:36 PM  [ INFO ] - Driver Registered
2018-Apr-28 19:07:36 PM  [ INFO ] - Database Connected
2018-Apr-28 19:07:36 PM  [ INFO ] - Skip Log In
2018-Apr-28 19:10:38 PM  [ INFO ] - Driver Registered
2018-Apr-28 19:10:38 PM  [ INFO ] - Database Connected
2018-Apr-28 19:10:38 PM  [ INFO ] - Skip Log In
2018-Apr-28 19:10:47 PM  [ INFO ] - Driver Registered
2018-Apr-28 19:10:47 PM  [ INFO ] - Database Connected
2018-Apr-28 19:10:47 PM  [ INFO ] - Skip Log In
2018-Apr-28 19:12:43 PM  [ INFO ] - Driver Registered
2018-Apr-28 19:12:43 PM  [ INFO ] - Database Connected
2018-Apr-28 19:12:43 PM  [ INFO ] - Skip Log In
2018-Apr-28 19:12:43 PM  [ INFO ] - Driver Registered
2018-Apr-28 19:12:43 PM  [ INFO ] - Database Connected
2018-Apr-28 19:12:43 PM  [ INFO ] - Main Form Successfully Launched
2018-Apr-28 19:14:42 PM  [ INFO ] - Driver Registered
2018-Apr-28 19:14:42 PM  [ INFO ] - Database Connected
2018-Apr-28 19:14:42 PM  [ INFO ] - Skip Log In
2018-Apr-28 19:14:42 PM  [ INFO ] - Driver Registered
2018-Apr-28 19:14:42 PM  [ INFO ] - Database Connected
2018-Apr-28 19:14:42 PM  [ INFO ] - Main Form Successfully Launched
2018-Apr-28 19:14:44 PM  [ INFO ] - Logging Out User
2018-Apr-28 19:14:44 PM  [ INFO ] - Driver Registered
2018-Apr-28 19:14:44 PM  [ INFO ] - Database Connected
2018-Apr-28 19:14:44 PM  [ INFO ] - Query Statement Issue
2018-Apr-28 19:14:44 PM  [ ERROR] - java.sql.SQLException: Can not issue data manipulation statements with executeQuery().
2018-Apr-28 19:14:44 PM  [ INFO ] - Successfully return to Login Form
2018-Apr-28 19:14:59 PM  [ INFO ] - Driver Registered
2018-Apr-28 19:14:59 PM  [ INFO ] - Database Connected
2018-Apr-28 19:14:59 PM  [ INFO ] - Skip Log In
2018-Apr-28 19:14:59 PM  [ INFO ] - Driver Registered
2018-Apr-28 19:14:59 PM  [ INFO ] - Database Connected
2018-Apr-28 19:14:59 PM  [ INFO ] - Main Form Successfully Launched
2018-Apr-28 19:15:01 PM  [ INFO ] - Logging Out User
2018-Apr-28 19:15:01 PM  [ INFO ] - Driver Registered
2018-Apr-28 19:15:01 PM  [ INFO ] - Database Connected
2018-Apr-28 19:15:01 PM  [ INFO ] - Query Statement Issue
2018-Apr-28 19:15:01 PM  [ ERROR] - java.sql.SQLException: Can not issue data manipulation statements with executeQuery().
2018-Apr-28 19:15:01 PM  [ INFO ] - Successfully return to Login Form
2018-Apr-28 19:16:04 PM  [ INFO ] - Driver Registered
2018-Apr-28 19:16:04 PM  [ INFO ] - Database Connected
2018-Apr-28 19:16:04 PM  [ INFO ] - Skip Log In
2018-Apr-28 19:16:04 PM  [ INFO ] - Driver Registered
2018-Apr-28 19:16:04 PM  [ INFO ] - Database Connected
2018-Apr-28 19:16:04 PM  [ INFO ] - Main Form Successfully Launched
2018-Apr-28 19:16:06 PM  [ INFO ] - Logging Out User
2018-Apr-28 19:16:06 PM  [ INFO ] - Driver Registered
2018-Apr-28 19:16:06 PM  [ INFO ] - Database Connected
2018-Apr-28 19:16:06 PM  [ INFO ] - Query Statement Issue
2018-Apr-28 19:16:06 PM  [ ERROR] - java.sql.SQLException: Can not issue data manipulation statements with executeQuery().
2018-Apr-28 19:16:06 PM  [ INFO ] - Successfully return to Login Form
2018-Apr-28 19:17:12 PM  [ INFO  ] - Driver Registered
2018-Apr-28 19:17:12 PM  [ INFO  ] - Database Connected
2018-Apr-28 19:17:12 PM  [ INFO  ] - Skip Log In
2018-Apr-28 19:17:12 PM  [ INFO  ] - Driver Registered
2018-Apr-28 19:17:12 PM  [ INFO  ] - Database Connected
2018-Apr-28 19:17:12 PM  [ INFO  ] - Main Form Successfully Launched
2018-Apr-28 19:17:14 PM  [ INFO  ] - Logging Out User
2018-Apr-28 19:17:14 PM  [ INFO  ] - Driver Registered
2018-Apr-28 19:17:14 PM  [ INFO  ] - Database Connected
2018-Apr-28 19:17:14 PM  [ INFO  ] - Query Statement Issue
2018-Apr-28 19:17:14 PM  [ ERROR ] - java.sql.SQLException: Can not issue data manipulation statements with executeQuery().
2018-Apr-28 19:17:14 PM  [ INFO  ] - Successfully return to Login Form
2018-Apr-28 19:17:55 PM  [ INFO  ] - Driver Registered
2018-Apr-28 19:17:56 PM  [ INFO  ] - Database Connected
2018-Apr-28 19:17:56 PM  [ INFO  ] - Skip Log In
2018-Apr-28 19:17:56 PM  [ INFO  ] - Driver Registered
2018-Apr-28 19:17:56 PM  [ INFO  ] - Database Connected
2018-Apr-28 19:17:56 PM  [ INFO  ] - Main Form Successfully Launched
2018-Apr-28 19:17:58 PM  [ INFO  ] - Logging Out User
2018-Apr-28 19:17:58 PM  [ INFO  ] - Driver Registered
2018-Apr-28 19:17:58 PM  [ INFO  ] - Database Connected
2018-Apr-28 19:17:58 PM  [ INFO  ] - Successfully return to Login Form
2018-Apr-28 19:19:16 PM  [ INFO  ] - Driver Registered
2018-Apr-28 19:19:16 PM  [ INFO  ] - Database Connected
2018-Apr-28 19:20:04 PM  [ INFO  ] - Driver Registered
2018-Apr-28 19:20:04 PM  [ INFO  ] - Database Connected
2018-Apr-28 19:20:05 PM  [ INFO  ] - Database Disconnected
2018-Apr-28 19:20:13 PM  [ INFO  ] - Attempting to Login
2018-Apr-28 19:20:13 PM  [ INFO  ] - Driver Registered
2018-Apr-28 19:20:13 PM  [ INFO  ] - Database Connected
2018-Apr-28 19:20:13 PM  [ INFO  ] - Login Successful
2018-Apr-28 19:20:13 PM  [ INFO  ] - Driver Registered
2018-Apr-28 19:20:13 PM  [ INFO  ] - Database Connected
2018-Apr-28 19:20:13 PM  [ INFO  ] - Main Form Successfully Launched
2018-Apr-28 19:20:13 PM  [ INFO  ] - Database Disconnected
2018-Apr-28 19:20:20 PM  [ INFO  ] - Logging Out User
2018-Apr-28 19:20:20 PM  [ INFO  ] - Driver Registered
2018-Apr-28 19:20:20 PM  [ INFO  ] - Database Connected
2018-Apr-28 19:20:20 PM  [ INFO  ] - Successfully return to Login Form
2018-Apr-28 19:20:20 PM  [ INFO  ] - Database Disconnected
2018-Apr-28 19:21:23 PM  [ INFO  ] - Driver Registered
2018-Apr-28 19:21:23 PM  [ INFO  ] - Database Connected
2018-Apr-28 19:21:24 PM  [ INFO  ] - Database Disconnected
2018-Apr-28 19:27:35 PM  [ INFO  ] - Driver Registered
2018-Apr-28 19:27:35 PM  [ INFO  ] - Database Connected
2018-Apr-28 19:27:36 PM  [ INFO  ] - Database Disconnected
2018-Apr-28 19:27:42 PM  [ INFO  ] - Attempting to Login
2018-Apr-28 19:27:42 PM  [ INFO  ] - Driver Registered
2018-Apr-28 19:27:42 PM  [ INFO  ] - Database Connected
2018-Apr-28 19:27:42 PM  [ INFO  ] - Login Successful
2018-Apr-28 19:27:42 PM  [ INFO  ] - Stay Logged In = True
2018-Apr-28 19:27:42 PM  [ INFO  ] - Current User Saved
2018-Apr-28 19:27:42 PM  [ INFO  ] - Driver Registered
2018-Apr-28 19:27:42 PM  [ INFO  ] - Database Connected
2018-Apr-28 19:27:42 PM  [ ERROR ] - java.sql.SQLException: Before start of result set
2018-Apr-28 19:27:42 PM  [ INFO  ] - Main Form Successfully Launched
2018-Apr-28 19:27:42 PM  [ INFO  ] - Database Disconnected
2018-Apr-28 19:29:52 PM  [ INFO  ] - Driver Registered
2018-Apr-28 19:29:52 PM  [ INFO  ] - Database Connected
2018-Apr-28 19:29:52 PM  [ INFO  ] - Skip Log In
2018-Apr-28 19:29:53 PM  [ INFO  ] - Driver Registered
2018-Apr-28 19:29:53 PM  [ INFO  ] - Database Connected
2018-Apr-28 19:29:53 PM  [ INFO  ] - Database Disconnected
2018-Apr-28 19:29:53 PM  [ INFO  ] - Main Form Successfully Launched
2018-Apr-28 19:29:53 PM  [ INFO  ] - Database Disconnected
2018-Apr-28 19:30:38 PM  [ INFO  ] - Driver Registered
2018-Apr-28 19:30:38 PM  [ INFO  ] - Database Connected
2018-Apr-28 19:30:38 PM  [ INFO  ] - Skip Log In
2018-Apr-28 19:30:38 PM  [ INFO  ] - Driver Registered
2018-Apr-28 19:30:38 PM  [ INFO  ] - Database Connected
2018-Apr-28 19:30:38 PM  [ INFO  ] - Database Disconnected
2018-Apr-28 19:30:38 PM  [ INFO  ] - Main Form Successfully Launched
2018-Apr-28 19:30:38 PM  [ INFO  ] - Database Disconnected
2018-Apr-28 19:31:10 PM  [ INFO  ] - Driver Registered
2018-Apr-28 19:31:10 PM  [ INFO  ] - Database Connected
2018-Apr-28 19:31:10 PM  [ INFO  ] - Skip Log In
2018-Apr-28 19:31:10 PM  [ INFO  ] - Driver Registered
2018-Apr-28 19:31:10 PM  [ INFO  ] - Database Connected
2018-Apr-28 19:31:10 PM  [ INFO  ] - Database Disconnected
2018-Apr-28 19:31:11 PM  [ INFO  ] - Main Form Successfully Launched
2018-Apr-28 19:31:11 PM  [ INFO  ] - Database Disconnected
2018-Apr-28 20:10:43 PM  [ INFO  ] - Driver Registered
2018-Apr-28 20:10:43 PM  [ INFO  ] - Database Connected
2018-Apr-28 20:10:43 PM  [ INFO  ] - Skip Log In
2018-Apr-28 20:10:44 PM  [ INFO  ] - Driver Registered
2018-Apr-28 20:10:44 PM  [ INFO  ] - Database Connected
2018-Apr-28 20:10:44 PM  [ INFO  ] - Database Disconnected
2018-Apr-28 20:10:44 PM  [ INFO  ] - Main Form Successfully Launched
2018-Apr-28 20:10:44 PM  [ INFO  ] - Database Disconnected
2018-Apr-28 20:10:49 PM  [ INFO  ] - Logging Out User
2018-Apr-28 20:10:49 PM  [ INFO  ] - Driver Registered
2018-Apr-28 20:10:49 PM  [ INFO  ] - Database Connected
2018-Apr-28 20:10:50 PM  [ INFO  ] - Successfully return to Login Form
2018-Apr-28 20:10:50 PM  [ INFO  ] - Database Disconnected
2018-Apr-28 20:10:55 PM  [ INFO  ] - Driver Registered
2018-Apr-28 20:10:55 PM  [ INFO  ] - Database Connected
2018-Apr-28 20:10:56 PM  [ INFO  ] - Database Disconnected
2018-Apr-28 20:11:07 PM  [ INFO  ] - Attempting to Login
2018-Apr-28 20:11:07 PM  [ INFO  ] - Driver Registered
2018-Apr-28 20:11:07 PM  [ INFO  ] - Database Connected
2018-Apr-28 20:11:07 PM  [ INFO  ] - Login Successful
2018-Apr-28 20:11:07 PM  [ INFO  ] - Stay Logged In = True
2018-Apr-28 20:11:07 PM  [ INFO  ] - Current User Saved
2018-Apr-28 20:11:07 PM  [ INFO  ] - Driver Registered
2018-Apr-28 20:11:07 PM  [ INFO  ] - Database Connected
2018-Apr-28 20:11:07 PM  [ INFO  ] - Database Disconnected
2018-Apr-28 20:11:07 PM  [ INFO  ] - Main Form Successfully Launched
2018-Apr-28 20:11:07 PM  [ INFO  ] - Database Disconnected
2018-Apr-28 20:12:22 PM  [ INFO  ] - Driver Registered
2018-Apr-28 20:12:22 PM  [ INFO  ] - Database Connected
2018-Apr-28 20:12:22 PM  [ INFO  ] - Skip Log In
2018-Apr-28 20:12:22 PM  [ INFO  ] - Driver Registered
2018-Apr-28 20:12:22 PM  [ INFO  ] - Database Connected
2018-Apr-28 20:12:22 PM  [ INFO  ] - Database Disconnected
2018-Apr-28 20:12:23 PM  [ INFO  ] - Main Form Successfully Launched
2018-Apr-28 20:12:23 PM  [ INFO  ] - Database Disconnected
2018-Apr-29 02:08:30 AM  [ INFO  ] - Driver Registered
2018-Apr-29 02:08:31 AM  [ INFO  ] - Database Connected
2018-Apr-29 02:08:31 AM  [ INFO  ] - Skip Log In
2018-Apr-29 02:08:31 AM  [ INFO  ] - Driver Registered
2018-Apr-29 02:08:31 AM  [ INFO  ] - Database Connected
2018-Apr-29 02:08:31 AM  [ INFO  ] - Database Disconnected
2018-Apr-29 02:08:32 AM  [ INFO  ] - Main Form Successfully Launched
2018-Apr-29 02:08:32 AM  [ INFO  ] - Database Disconnected
